********************************************************************************
DUPLICATOR-LITE PACKAGE-LOG: 16 August, 2019 1:49 pm
NOTICE: Do NOT post to public sites or forums 
********************************************************************************
VERSION:	1.3.18
WORDPRESS:	5.2.2
PHP INFO:	7.3.8 | SAPI: apache2handler
SERVER:		Apache/2.4.39 (Win64) OpenSSL/1.1.1c PHP/7.3.8 
PHP TIME LIMIT: (0) no time limit imposed 
PHP MAX MEMORY: 4294967296 (128M default) 
MEMORY STACK: 8MB

********************************************************************************
DATABASE:
********************************************************************************
BUILD MODE:   MYSQLDUMP
MYSQLTIMEOUT: 5000
MYSQLDUMP:    Is Supported
SQL CREATED: 20190816_scratch_24c0dfae7c1341405137_20190816134458_database.sql
SQL FILE SIZE: 97.51KB (99852)
SQL FILE TIME: 2019-08-16 13:49:31
SQL RUNTIME: 7.46 sec.

********************************************************************************
ARCHIVE (ZIP):
********************************************************************************
ARCHIVE DIR:  C:/xampp/htdocs/CursoScratch
ARCHIVE FILE: 20190816_scratch_24c0dfae7c1341405137_20190816134458_archive.zip
FILTERS: *OFF*
DIRS:
	not set
FILES:
	not set
EXTS:  not set
----------------------------------------
COMPRESSING
SIZE:	56.52MB
STATS:	Dirs 262 | Files 2,294
SQL ADDED: 20190816_scratch_24c0dfae7c1341405137_20190816134458_database.sql
ZipArchive Object
(
    [status] => 0
    [statusSys] => 0
    [numFiles] => 2556
    [filename] => C:\xampp\htdocs\CursoScratch\wp-snapshots\tmp\20190816_scratch_24c0dfae7c1341405137_20190816134458_archive.zip
    [comment] => 
)

FILE ADDED TO ZIP: 2555
COMPRESSION RESULT: '1'
COMPRESSED SIZE: 22.18MB
ARCHIVE RUNTIME: 124.86 sec.
MEMORY STACK: 8MB
building installer
add_extra_files1
add_extra_files2
add_extra_files3
add_extra_files4
Doing archive file check
add_extra_files5
add_extra_files6
add_extra_files8
Successfully opened zip C:/xampp/htdocs/CursoScratch/wp-snapshots/tmp/20190816_scratch_24c0dfae7c1341405137_20190816134458_archive.zip
Adding enhanced installer files to archive using ZipArchive
Installer files added to archive
Added to archive
After ziparchive close when adding installer

********************************************************************************
INTEGRITY CHECKS:
********************************************************************************
SQL FILE: 97.51KB
INSTALLER FILE: 59.37KB
ARCHIVE FILE: 23.49MB 
EXPECTED FILE/DIRECTORY COUNT: 2,556
ACTUAL FILE/DIRECTORY COUNT: 2,555
ARCHIVE CONSISTENCY TEST: Pass

********************************************************************************
RECORD ID:[1]
TOTAL PROCESS RUNTIME: 139.66 sec.
PEAK PHP MEMORY USED: 8MB
DONE PROCESSING => 20190816_scratch 16 August, 2019 1:51 pm

